<?xml version="1.0" encoding="UTF-8"?>
<!-- Generated by org.testng.reporters.JUnitXMLReporter -->
<testsuite hostname="DESKTOP-R0QK2O8" ignored="0" name="Test" tests="1" failures="1" timestamp="29 Dec 2018 16:04:13 GMT" time="23.639" errors="0">
  <testcase name="verifyUserLoginToMercureyTravel" time="4.666" classname="com.mercuryTravel.tests.HomepageTests">
    <failure type="java.lang.AssertionError" message="expected [Welcome, Saurabh 1] but found [Welcome, Saurabh]">
      <![CDATA[java.lang.AssertionError: expected [Welcome, Saurabh 1] but found [Welcome, Saurabh]
at com.mercuryTravel.tests.HomepageTests.verifyUserLoginToMercureyTravel(HomepageTests.java:24)
... Removed 31 stack frames]]>
    </failure>
  </testcase> <!-- verifyUserLoginToMercureyTravel -->
</testsuite> <!-- Test -->
