<?xml version="1.0" encoding="UTF-8"?>
<testng-results skipped="0" failed="0" ignored="0" total="1" passed="1">
  <reporter-output>
  </reporter-output>
  <suite name="Hompage Test Suite" duration-ms="47274" started-at="2018-12-23T17:52:44Z" finished-at="2018-12-23T17:53:32Z">
    <groups>
    </groups>
    <test name="Test" duration-ms="47274" started-at="2018-12-23T17:52:44Z" finished-at="2018-12-23T17:53:32Z">
      <class name="com.mercuryTravel.tests.HomepageTests">
        <test-method status="PASS" signature="presetup()[pri:0, instance:com.mercuryTravel.tests.HomepageTests@26be92ad]" name="presetup" is-config="true" duration-ms="38" started-at="2018-12-23T17:52:44Z" finished-at="2018-12-23T17:52:44Z">
          <reporter-output>
          </reporter-output>
        </test-method> <!-- presetup -->
        <test-method status="PASS" signature="setup()[pri:0, instance:com.mercuryTravel.tests.HomepageTests@26be92ad]" name="setup" is-config="true" duration-ms="41822" started-at="2018-12-23T17:52:44Z" finished-at="2018-12-23T17:53:26Z">
          <reporter-output>
          </reporter-output>
        </test-method> <!-- setup -->
        <test-method status="PASS" signature="verifyUserLoginToMercureyTravel()[pri:0, instance:com.mercuryTravel.tests.HomepageTests@26be92ad]" name="verifyUserLoginToMercureyTravel" duration-ms="4267" started-at="2018-12-23T17:53:26Z" finished-at="2018-12-23T17:53:31Z">
          <reporter-output>
          </reporter-output>
        </test-method> <!-- verifyUserLoginToMercureyTravel -->
        <test-method status="PASS" signature="cleanup()[pri:0, instance:com.mercuryTravel.tests.HomepageTests@26be92ad]" name="cleanup" is-config="true" duration-ms="1062" started-at="2018-12-23T17:53:31Z" finished-at="2018-12-23T17:53:32Z">
          <reporter-output>
          </reporter-output>
        </test-method> <!-- cleanup -->
      </class> <!-- com.mercuryTravel.tests.HomepageTests -->
    </test> <!-- Test -->
  </suite> <!-- Hompage Test Suite -->
</testng-results>
